0 verbose cli /usr/local/bin/node /usr/local/bin/npm
1 info using npm@10.8.2
2 info using node@v20.19.4
3 silly config load:file:/usr/local/lib/node_modules/npm/npmrc
4 silly config load:file:/home/runner/work/PsychoNoir-Kontrapunkt/PsychoNoir-Kontrapunkt/.npmrc
5 silly config load:file:/home/runner/.npmrc
6 silly config load:file:/usr/local/etc/npmrc
7 verbose title npm install
8 verbose argv "install" "--cache" ".cache/npm"
9 verbose logfile logs-max:10 dir:/home/runner/work/PsychoNoir-Kontrapunkt/PsychoNoir-Kontrapunkt/.cache/npm/_logs/2025-08-21T00_06_36_103Z-
10 verbose logfile /home/runner/work/PsychoNoir-Kontrapunkt/PsychoNoir-Kontrapunkt/.cache/npm/_logs/2025-08-21T00_06_36_103Z-debug-0.log
11 silly packumentCache heap:4345298944 maxSize:1086324736 maxEntrySize:543162368
12 silly logfile done cleaning log files
13 silly idealTree buildDeps
14 silly fetch manifest ansi-escapes@7.0.0
15 silly packumentCache full:https://registry.npmjs.org/ansi-escapes cache-miss
16 verbose shrinkwrap failed to load node_modules/.package-lock.json out of date, updated: node_modules
17 http fetch GET 200 https://registry.npmjs.org/ansi-escapes 14ms (cache hit)
18 silly packumentCache full:https://registry.npmjs.org/ansi-escapes set size:61494 disposed:false
19 silly fetch manifest ansi-regex@6.0.1
20 silly packumentCache full:https://registry.npmjs.org/ansi-regex cache-miss
21 http fetch GET 200 https://registry.npmjs.org/ansi-regex 89ms (cache hit)
22 silly packumentCache full:https://registry.npmjs.org/ansi-regex set size:44174 disposed:false
23 silly fetch manifest ansi-styles@6.2.1
24 silly packumentCache full:https://registry.npmjs.org/ansi-styles cache-miss
25 http fetch GET 200 https://registry.npmjs.org/ansi-styles 3ms (cache hit)
26 silly packumentCache full:https://registry.npmjs.org/ansi-styles set size:66356 disposed:false
27 silly fetch manifest argparse@2.0.1
28 silly packumentCache full:https://registry.npmjs.org/argparse cache-miss
29 http fetch GET 200 https://registry.npmjs.org/argparse 3ms (cache hit)
30 silly packumentCache full:https://registry.npmjs.org/argparse set size:49266 disposed:false
31 silly fetch manifest babel-plugin-istanbul@6.0.0
32 silly packumentCache full:https://registry.npmjs.org/babel-plugin-istanbul cache-miss
33 http fetch GET 200 https://registry.npmjs.org/babel-plugin-istanbul 3ms (cache hit)
34 silly packumentCache full:https://registry.npmjs.org/babel-plugin-istanbul set size:142395 disposed:false
35 silly fetch manifest cjs-module-lexer@2.1.0
36 silly packumentCache full:https://registry.npmjs.org/cjs-module-lexer cache-miss
37 http fetch GET 200 https://registry.npmjs.org/cjs-module-lexer 2ms (cache hit)
38 silly packumentCache full:https://registry.npmjs.org/cjs-module-lexer set size:142237 disposed:false
39 silly fetch manifest lru-cache@10.3.0
40 silly packumentCache full:https://registry.npmjs.org/lru-cache cache-miss
41 http fetch GET 200 https://registry.npmjs.org/lru-cache 3ms (cache hit)
42 silly packumentCache full:https://registry.npmjs.org/lru-cache set size:391063 disposed:false
43 silly fetch manifest semver@7.6.2
44 silly packumentCache full:https://registry.npmjs.org/semver cache-miss
45 http fetch GET 200 https://registry.npmjs.org/semver 4ms (cache hit)
46 silly packumentCache full:https://registry.npmjs.org/semver set size:224186 disposed:false
47 silly fetch manifest source-map@0.7.4
48 silly packumentCache full:https://registry.npmjs.org/source-map cache-miss
49 http fetch GET 200 https://registry.npmjs.org/source-map 3ms (cache hit)
50 silly packumentCache full:https://registry.npmjs.org/source-map set size:226090 disposed:false
51 silly fetch manifest source-map-support@0.5.21
52 silly packumentCache full:https://registry.npmjs.org/source-map-support cache-miss
53 http fetch GET 200 https://registry.npmjs.org/source-map-support 2ms (cache hit)
54 silly packumentCache full:https://registry.npmjs.org/source-map-support set size:125488 disposed:false
55 silly placeDep ROOT ansi-escapes@7.0.0 REPLACE for: laere-html-helper@1.0.0 want: 7.0.0
56 silly placeDep ROOT ansi-regex@6.0.1 REPLACE for: laere-html-helper@1.0.0 want: 6.0.1
57 silly placeDep ROOT ansi-styles@6.2.1 REPLACE for: laere-html-helper@1.0.0 want: 6.2.1
58 silly placeDep ROOT argparse@2.0.1 REPLACE for: laere-html-helper@1.0.0 want: 2.0.1
59 silly placeDep ROOT babel-plugin-istanbul@6.0.0 REPLACE for: laere-html-helper@1.0.0 want: 6.0.0
60 silly placeDep ROOT cjs-module-lexer@2.1.0 REPLACE for: laere-html-helper@1.0.0 want: 2.1.0
61 silly placeDep ROOT lru-cache@10.3.0 REPLACE for: laere-html-helper@1.0.0 want: 10.3.0
62 silly placeDep ROOT semver@7.6.2 REPLACE for: laere-html-helper@1.0.0 want: 7.6.2
63 silly placeDep ROOT source-map@0.7.4 REPLACE for: laere-html-helper@1.0.0 want: 0.7.4
64 silly placeDep ROOT source-map-support@0.5.21 REPLACE for: laere-html-helper@1.0.0 want: 0.5.21
65 silly fetch manifest environment@^1.0.0
66 silly packumentCache full:https://registry.npmjs.org/environment cache-miss
67 silly fetch manifest istanbul-lib-instrument@^4.0.0
68 silly packumentCache full:https://registry.npmjs.org/istanbul-lib-instrument cache-miss
69 silly fetch manifest source-map@^0.6.0
70 silly packumentCache full:https://registry.npmjs.org/source-map cache-hit
71 http fetch GET 200 https://registry.npmjs.org/environment 5ms (cache hit)
72 silly packumentCache full:https://registry.npmjs.org/environment set size:13915 disposed:false
73 http fetch GET 200 https://registry.npmjs.org/istanbul-lib-instrument 6ms (cache hit)
74 silly packumentCache full:https://registry.npmjs.org/istanbul-lib-instrument set size:219175 disposed:false
75 silly fetch manifest semver@^6.3.1
76 silly packumentCache full:https://registry.npmjs.org/semver cache-hit
77 silly placeDep node_modules/@babel/core semver@6.3.1 OK for: @babel/core@7.27.1 want: ^6.3.1
78 silly fetch manifest lru-cache@^5.1.1
79 silly packumentCache full:https://registry.npmjs.org/lru-cache cache-hit
80 silly placeDep node_modules/@babel/helper-compilation-targets lru-cache@5.1.1 OK for: @babel/helper-compilation-targets@7.27.2 want: ^5.1.1
81 silly placeDep node_modules/@babel/helper-compilation-targets semver@6.3.1 OK for: @babel/helper-compilation-targets@7.27.2 want: ^6.3.1
82 silly fetch manifest ansi-escapes@^4.2.1
83 silly packumentCache full:https://registry.npmjs.org/ansi-escapes cache-hit
84 silly placeDep node_modules/@jest/core ansi-escapes@4.3.2 OK for: @jest/core@29.7.0 want: ^4.2.1
85 silly fetch manifest babel-plugin-istanbul@^6.1.1
86 silly packumentCache full:https://registry.npmjs.org/babel-plugin-istanbul cache-hit
87 silly placeDep node_modules/@jest/transform babel-plugin-istanbul@6.1.1 OK for: @jest/transform@29.7.0 want: ^6.1.1
88 silly fetch manifest istanbul-lib-instrument@^5.0.4
89 silly packumentCache full:https://registry.npmjs.org/istanbul-lib-instrument cache-hit
90 silly placeDep ROOT environment@1.1.0 OK for: ansi-escapes@7.0.0 want: ^1.0.0
91 silly placeDep node_modules/babel-jest babel-plugin-istanbul@6.1.1 OK for: babel-jest@29.7.0 want: ^6.1.1
92 silly placeDep node_modules/babel-plugin-istanbul istanbul-lib-instrument@4.0.3 OK for: babel-plugin-istanbul@6.0.0 want: ^4.0.0
93 silly fetch manifest semver@^6.3.0
94 silly packumentCache full:https://registry.npmjs.org/semver cache-hit
95 silly fetch manifest ansi-styles@^4.1.0
96 silly packumentCache full:https://registry.npmjs.org/ansi-styles cache-hit
97 silly placeDep node_modules/chalk ansi-styles@4.3.0 OK for: chalk@4.1.2 want: ^4.1.0
98 silly fetch manifest source-map@^0.6.1
99 silly packumentCache full:https://registry.npmjs.org/source-map cache-hit
100 silly placeDep node_modules/istanbul-lib-source-maps source-map@0.6.1 OK for: istanbul-lib-source-maps@4.0.1 want: ^0.6.1
101 silly fetch manifest source-map-support@0.5.13
102 silly packumentCache full:https://registry.npmjs.org/source-map-support cache-hit
103 silly placeDep node_modules/jest-runner source-map-support@0.5.13 OK for: jest-runner@29.7.0 want: 0.5.13
104 silly fetch manifest cjs-module-lexer@^1.0.0
105 silly packumentCache full:https://registry.npmjs.org/cjs-module-lexer cache-hit
106 silly placeDep node_modules/jest-runtime cjs-module-lexer@1.4.3 OK for: jest-runtime@29.7.0 want: ^1.0.0
107 silly placeDep node_modules/jest-watcher ansi-escapes@4.3.2 OK for: jest-watcher@29.7.0 want: ^4.2.1
108 silly fetch manifest argparse@^1.0.7
109 silly packumentCache full:https://registry.npmjs.org/argparse cache-hit
110 silly placeDep node_modules/js-yaml argparse@1.0.10 OK for: js-yaml@3.14.1 want: ^1.0.7
111 silly placeDep node_modules/source-map-support source-map@0.6.1 OK for: source-map-support@0.5.21 want: ^0.6.0
112 silly fetch manifest ansi-regex@^5.0.1
113 silly packumentCache full:https://registry.npmjs.org/ansi-regex cache-hit
114 silly placeDep node_modules/strip-ansi ansi-regex@5.0.1 OK for: strip-ansi@6.0.1 want: ^5.0.1
115 silly fetch manifest ansi-styles@^4.0.0
116 silly packumentCache full:https://registry.npmjs.org/ansi-styles cache-hit
117 silly placeDep node_modules/wrap-ansi ansi-styles@4.3.0 OK for: wrap-ansi@7.0.0 want: ^4.0.0
118 silly placeDep node_modules/@jest/transform istanbul-lib-instrument@5.2.1 OK for: babel-plugin-istanbul@6.1.1 want: ^5.0.4
119 silly placeDep node_modules/@jest/transform semver@6.3.1 OK for: istanbul-lib-instrument@5.2.1 want: ^6.3.0
120 silly placeDep node_modules/babel-jest istanbul-lib-instrument@5.2.1 OK for: babel-plugin-istanbul@6.1.1 want: ^5.0.4
121 silly placeDep node_modules/babel-jest semver@6.3.1 OK for: istanbul-lib-instrument@5.2.1 want: ^6.3.0
122 silly placeDep node_modules/babel-plugin-istanbul semver@6.3.1 OK for: istanbul-lib-instrument@4.0.3 want: ^6.3.0
123 silly placeDep node_modules/jest-runner source-map@0.6.1 OK for: source-map-support@0.5.13 want: ^0.6.0
124 silly reify mark retired [
124 silly reify   '/home/runner/work/PsychoNoir-Kontrapunkt/PsychoNoir-Kontrapunkt/node_modules/ansi-escapes'
124 silly reify ]
125 silly reify mark retired [
125 silly reify   '/home/runner/work/PsychoNoir-Kontrapunkt/PsychoNoir-Kontrapunkt/node_modules/ansi-regex'
125 silly reify ]
126 silly reify mark retired [
126 silly reify   '/home/runner/work/PsychoNoir-Kontrapunkt/PsychoNoir-Kontrapunkt/node_modules/ansi-styles'
126 silly reify ]
127 silly reify mark retired [
127 silly reify   '/home/runner/work/PsychoNoir-Kontrapunkt/PsychoNoir-Kontrapunkt/node_modules/argparse'
127 silly reify ]
128 silly reify mark retired [
128 silly reify   '/home/runner/work/PsychoNoir-Kontrapunkt/PsychoNoir-Kontrapunkt/node_modules/babel-plugin-istanbul'
128 silly reify ]
129 silly reify mark retired [
129 silly reify   '/home/runner/work/PsychoNoir-Kontrapunkt/PsychoNoir-Kontrapunkt/node_modules/cjs-module-lexer'
129 silly reify ]
130 silly reify mark retired [
130 silly reify   '/home/runner/work/PsychoNoir-Kontrapunkt/PsychoNoir-Kontrapunkt/node_modules/lru-cache'
130 silly reify ]
131 silly reify mark retired [
131 silly reify   '/home/runner/work/PsychoNoir-Kontrapunkt/PsychoNoir-Kontrapunkt/node_modules/semver',
131 silly reify   '/home/runner/work/PsychoNoir-Kontrapunkt/PsychoNoir-Kontrapunkt/node_modules/.bin/semver'
131 silly reify ]
132 silly reify mark retired [
132 silly reify   '/home/runner/work/PsychoNoir-Kontrapunkt/PsychoNoir-Kontrapunkt/node_modules/source-map'
132 silly reify ]
133 silly reify mark retired [
133 silly reify   '/home/runner/work/PsychoNoir-Kontrapunkt/PsychoNoir-Kontrapunkt/node_modules/source-map-support'
133 silly reify ]
134 silly reify moves {
134 silly reify   '/home/runner/work/PsychoNoir-Kontrapunkt/PsychoNoir-Kontrapunkt/node_modules/ansi-escapes': '/home/runner/work/PsychoNoir-Kontrapunkt/PsychoNoir-Kontrapunkt/node_modules/.ansi-escapes-cxzlnKLQ',
134 silly reify   '/home/runner/work/PsychoNoir-Kontrapunkt/PsychoNoir-Kontrapunkt/node_modules/ansi-regex': '/home/runner/work/PsychoNoir-Kontrapunkt/PsychoNoir-Kontrapunkt/node_modules/.ansi-regex-X1KlgyFu',
134 silly reify   '/home/runner/work/PsychoNoir-Kontrapunkt/PsychoNoir-Kontrapunkt/node_modules/ansi-styles': '/home/runner/work/PsychoNoir-Kontrapunkt/PsychoNoir-Kontrapunkt/node_modules/.ansi-styles-RVbZb9eL',
134 silly reify   '/home/runner/work/PsychoNoir-Kontrapunkt/PsychoNoir-Kontrapunkt/node_modules/argparse': '/home/runner/work/PsychoNoir-Kontrapunkt/PsychoNoir-Kontrapunkt/node_modules/.argparse-ReTjZode',
134 silly reify   '/home/runner/work/PsychoNoir-Kontrapunkt/PsychoNoir-Kontrapunkt/node_modules/babel-plugin-istanbul': '/home/runner/work/PsychoNoir-Kontrapunkt/PsychoNoir-Kontrapunkt/node_modules/.babel-plugin-istanbul-EmTwekjO',
134 silly reify   '/home/runner/work/PsychoNoir-Kontrapunkt/PsychoNoir-Kontrapunkt/node_modules/cjs-module-lexer': '/home/runner/work/PsychoNoir-Kontrapunkt/PsychoNoir-Kontrapunkt/node_modules/.cjs-module-lexer-wcLLoadI',
134 silly reify   '/home/runner/work/PsychoNoir-Kontrapunkt/PsychoNoir-Kontrapunkt/node_modules/lru-cache': '/home/runner/work/PsychoNoir-Kontrapunkt/PsychoNoir-Kontrapunkt/node_modules/.lru-cache-g3lIMxCq',
134 silly reify   '/home/runner/work/PsychoNoir-Kontrapunkt/PsychoNoir-Kontrapunkt/node_modules/semver': '/home/runner/work/PsychoNoir-Kontrapunkt/PsychoNoir-Kontrapunkt/node_modules/.semver-4hjFhQLq',
134 silly reify   '/home/runner/work/PsychoNoir-Kontrapunkt/PsychoNoir-Kontrapunkt/node_modules/.bin/semver': '/home/runner/work/PsychoNoir-Kontrapunkt/PsychoNoir-Kontrapunkt/node_modules/.bin/.semver-qPQVOeWO',
134 silly reify   '/home/runner/work/PsychoNoir-Kontrapunkt/PsychoNoir-Kontrapunkt/node_modules/source-map': '/home/runner/work/PsychoNoir-Kontrapunkt/PsychoNoir-Kontrapunkt/node_modules/.source-map-W18M2cvN',
134 silly reify   '/home/runner/work/PsychoNoir-Kontrapunkt/PsychoNoir-Kontrapunkt/node_modules/source-map-support': '/home/runner/work/PsychoNoir-Kontrapunkt/PsychoNoir-Kontrapunkt/node_modules/.source-map-support-YEf1HuvT'
134 silly reify }
135 silly audit bulk request {
135 silly audit   '@ampproject/remapping': [ '2.3.0' ],
135 silly audit   '@babel/code-frame': [ '7.27.1' ],
135 silly audit   '@babel/compat-data': [ '7.27.2' ],
135 silly audit   '@babel/core': [ '7.27.1' ],
135 silly audit   '@babel/generator': [ '7.27.1' ],
135 silly audit   '@babel/helper-compilation-targets': [ '7.27.2' ],
135 silly audit   '@babel/helper-module-imports': [ '7.27.1' ],
135 silly audit   '@babel/helper-module-transforms': [ '7.27.1' ],
135 silly audit   '@babel/helper-plugin-utils': [ '7.27.1' ],
135 silly audit   '@babel/helper-string-parser': [ '7.27.1' ],
135 silly audit   '@babel/helper-validator-identifier': [ '7.27.1' ],
135 silly audit   '@babel/helper-validator-option': [ '7.27.1' ],
135 silly audit   '@babel/helpers': [ '7.27.1' ],
135 silly audit   '@babel/parser': [ '7.27.2' ],
135 silly audit   '@babel/plugin-syntax-async-generators': [ '7.8.4' ],
135 silly audit   '@babel/plugin-syntax-bigint': [ '7.8.3' ],
135 silly audit   '@babel/plugin-syntax-class-properties': [ '7.12.13' ],
135 silly audit   '@babel/plugin-syntax-class-static-block': [ '7.14.5' ],
135 silly audit   '@babel/plugin-syntax-import-attributes': [ '7.27.1' ],
135 silly audit   '@babel/plugin-syntax-import-meta': [ '7.10.4' ],
135 silly audit   '@babel/plugin-syntax-json-strings': [ '7.8.3' ],
135 silly audit   '@babel/plugin-syntax-jsx': [ '7.27.1' ],
135 silly audit   '@babel/plugin-syntax-logical-assignment-operators': [ '7.10.4' ],
135 silly audit   '@babel/plugin-syntax-nullish-coalescing-operator': [ '7.8.3' ],
135 silly audit   '@babel/plugin-syntax-numeric-separator': [ '7.10.4' ],
135 silly audit   '@babel/plugin-syntax-object-rest-spread': [ '7.8.3' ],
135 silly audit   '@babel/plugin-syntax-optional-catch-binding': [ '7.8.3' ],
135 silly audit   '@babel/plugin-syntax-optional-chaining': [ '7.8.3' ],
135 silly audit   '@babel/plugin-syntax-private-property-in-object': [ '7.14.5' ],
135 silly audit   '@babel/plugin-syntax-top-level-await': [ '7.14.5' ],
135 silly audit   '@babel/plugin-syntax-typescript': [ '7.27.1' ],
135 silly audit   '@babel/template': [ '7.27.2' ],
135 silly audit   '@babel/traverse': [ '7.27.1' ],
135 silly audit   '@babel/types': [ '7.27.1' ],
135 silly audit   '@bcoe/v8-coverage': [ '0.2.3' ],
135 silly audit   '@istanbuljs/load-nyc-config': [ '1.1.0' ],
135 silly audit   '@istanbuljs/schema': [ '0.1.3' ],
135 silly audit   '@jest/console': [ '29.7.0' ],
135 silly audit   '@jest/core': [ '29.7.0' ],
135 silly audit   '@jest/environment': [ '29.7.0' ],
135 silly audit   '@jest/expect': [ '29.7.0' ],
135 silly audit   '@jest/expect-utils': [ '29.7.0' ],
135 silly audit   '@jest/fake-timers': [ '29.7.0' ],
135 silly audit   '@jest/globals': [ '29.7.0' ],
135 silly audit   '@jest/reporters': [ '29.7.0' ],
135 silly audit   '@jest/schemas': [ '29.6.3' ],
135 silly audit   '@jest/source-map': [ '29.6.3' ],
135 silly audit   '@jest/test-result': [ '29.7.0' ],
135 silly audit   '@jest/test-sequencer': [ '29.7.0' ],
135 silly audit   '@jest/transform': [ '29.7.0' ],
135 silly audit   '@jest/types': [ '29.6.3' ],
135 silly audit   '@jridgewell/gen-mapping': [ '0.3.8' ],
135 silly audit   '@jridgewell/resolve-uri': [ '3.1.2' ],
135 silly audit   '@jridgewell/set-array': [ '1.2.1' ],
135 silly audit   '@jridgewell/sourcemap-codec': [ '1.5.0' ],
135 silly audit   '@jridgewell/trace-mapping': [ '0.3.25' ],
135 silly audit   '@sinclair/typebox': [ '0.27.8' ],
135 silly audit   '@sinonjs/commons': [ '3.0.1' ],
135 silly audit   '@sinonjs/fake-timers': [ '10.3.0' ],
135 silly audit   '@types/babel__core': [ '7.20.5' ],
135 silly audit   '@types/babel__generator': [ '7.27.0' ],
135 silly audit   '@types/babel__template': [ '7.4.4' ],
135 silly audit   '@types/babel__traverse': [ '7.20.7' ],
135 silly audit   '@types/graceful-fs': [ '4.1.9' ],
135 silly audit   '@types/istanbul-lib-coverage': [ '2.0.6' ],
135 silly audit   '@types/istanbul-lib-report': [ '3.0.3' ],
135 silly audit   '@types/istanbul-reports': [ '3.0.4' ],
135 silly audit   '@types/node': [ '22.15.17' ],
135 silly audit   '@types/stack-utils': [ '2.0.3' ],
135 silly audit   '@types/yargs': [ '17.0.33' ],
135 silly audit   '@types/yargs-parser': [ '21.0.3' ],
135 silly audit   'ansi-styles': [ '5.2.0', '6.2.1', '4.3.0' ],
135 silly audit   anymatch: [ '3.1.3' ],
135 silly audit   'babel-jest': [ '29.7.0' ],
135 silly audit   'istanbul-lib-instrument': [ '6.0.3', '4.0.3', '5.2.1' ],
135 silly audit   'babel-plugin-jest-hoist': [ '29.6.3' ],
135 silly audit   'babel-preset-current-node-syntax': [ '1.1.0' ],
135 silly audit   'babel-preset-jest': [ '29.6.3' ],
135 silly audit   'balanced-match': [ '1.0.2' ],
135 silly audit   'brace-expansion': [ '1.1.11' ],
135 silly audit   braces: [ '3.0.3' ],
135 silly audit   browserslist: [ '4.24.5' ],
135 silly audit   bser: [ '2.1.1' ],
135 silly audit   'buffer-from': [ '1.1.2' ],
135 silly audit   callsites: [ '3.1.0' ],
135 silly audit   camelcase: [ '5.3.1', '6.3.0' ],
135 silly audit   'caniuse-lite': [ '1.0.30001717' ],
135 silly audit   chalk: [ '4.1.2' ],
135 silly audit   'char-regex': [ '1.0.2' ],
135 silly audit   'ci-info': [ '3.9.0' ],
135 silly audit   cliui: [ '8.0.1' ],
135 silly audit   co: [ '4.6.0' ],
135 silly audit   'collect-v8-coverage': [ '1.0.2' ],
135 silly audit   'color-convert': [ '2.0.1' ],
135 silly audit   'color-name': [ '1.1.4' ],
135 silly audit   'concat-map': [ '0.0.1' ],
135 silly audit   'convert-source-map': [ '2.0.0' ],
135 silly audit   'create-jest': [ '29.7.0' ],
135 silly audit   'cross-spawn': [ '7.0.6' ],
135 silly audit   debug: [ '4.4.0' ],
135 silly audit   dedent: [ '1.6.0' ],
135 silly audit   deepmerge: [ '4.3.1' ],
135 silly audit   'detect-newline': [ '3.1.0' ],
135 silly audit   'diff-sequences': [ '29.6.3' ],
135 silly audit   'electron-to-chromium': [ '1.5.152' ],
135 silly audit   emittery: [ '0.13.1' ],
135 silly audit   'emoji-regex': [ '8.0.0' ],
135 silly audit   'error-ex': [ '1.3.2' ],
135 silly audit   escalade: [ '3.2.0' ],
135 silly audit   'escape-string-regexp': [ '2.0.0' ],
135 silly audit   esprima: [ '4.0.1' ],
135 silly audit   execa: [ '5.1.1' ],
135 silly audit   exit: [ '0.1.2' ],
135 silly audit   expect: [ '29.7.0' ],
135 silly audit   'fast-json-stable-stringify': [ '2.1.0' ],
135 silly audit   'fb-watchman': [ '2.0.2' ],
135 silly audit   'fill-range': [ '7.1.1' ],
135 silly audit   'find-up': [ '4.1.0' ],
135 silly audit   'fs.realpath': [ '1.0.0' ],
135 silly audit   fsevents: [ '2.3.3' ],
135 silly audit   'function-bind': [ '1.1.2' ],
135 silly audit   gensync: [ '1.0.0-beta.2' ],
135 silly audit   'get-caller-file': [ '2.0.5' ],
135 silly audit   'get-package-type': [ '0.1.0' ],
135 silly audit   'get-stream': [ '6.0.1' ],
135 silly audit   glob: [ '7.2.3' ],
135 silly audit   globals: [ '11.12.0' ],
135 silly audit   'graceful-fs': [ '4.2.11' ],
135 silly audit   'has-flag': [ '4.0.0' ],
135 silly audit   hasown: [ '2.0.2' ],
135 silly audit   'html-escaper': [ '2.0.2' ],
135 silly audit   'human-signals': [ '2.1.0' ],
135 silly audit   'import-local': [ '3.2.0' ],
135 silly audit   imurmurhash: [ '0.1.4' ],
135 silly audit   inflight: [ '1.0.6' ],
135 silly audit   inherits: [ '2.0.4' ],
135 silly audit   'is-arrayish': [ '0.2.1' ],
135 silly audit   'is-core-module': [ '2.16.1' ],
135 silly audit   'is-fullwidth-code-point': [ '3.0.0' ],
135 silly audit   'is-generator-fn': [ '2.1.0' ],
135 silly audit   'is-number': [ '7.0.0' ],
135 silly audit   'is-stream': [ '2.0.1' ],
135 silly audit   isexe: [ '2.0.0' ],
135 silly audit   'istanbul-lib-coverage': [ '3.2.2' ],
135 silly audit   semver: [ '7.7.2', '7.6.2', '6.3.1' ],
135 silly audit   'istanbul-lib-report': [ '3.0.1' ],
135 silly audit   'istanbul-lib-source-maps': [ '4.0.1' ],
135 silly audit   'istanbul-reports': [ '3.1.7' ],
135 silly audit   jest: [ '29.7.0' ],
135 silly audit   'jest-changed-files': [ '29.7.0' ],
135 silly audit   'jest-circus': [ '29.7.0' ],
135 silly audit   'jest-cli': [ '29.7.0' ],
135 silly audit   'jest-config': [ '29.7.0' ],
135 silly audit   'jest-diff': [ '29.7.0' ],
135 silly audit   'jest-docblock': [ '29.7.0' ],
135 silly audit   'jest-each': [ '29.7.0' ],
135 silly audit   'jest-environment-node': [ '29.7.0' ],
135 silly audit   'jest-get-type': [ '29.6.3' ],
135 silly audit   'jest-haste-map': [ '29.7.0' ],
135 silly audit   'jest-leak-detector': [ '29.7.0' ],
135 silly audit   'jest-matcher-utils': [ '29.7.0' ],
135 silly audit   'jest-message-util': [ '29.7.0' ],
135 silly audit   'jest-mock': [ '29.7.0' ],
135 silly audit   'jest-pnp-resolver': [ '1.2.3' ],
135 silly audit   'jest-regex-util': [ '29.6.3' ],
135 silly audit   'jest-resolve': [ '29.7.0' ],
135 silly audit   'jest-resolve-dependencies': [ '29.7.0' ],
135 silly audit   'jest-runner': [ '29.7.0' ],
135 silly audit   'jest-runtime': [ '29.7.0' ],
135 silly audit   'jest-snapshot': [ '29.7.0' ],
135 silly audit   'jest-util': [ '29.7.0' ],
135 silly audit   'jest-validate': [ '29.7.0' ],
135 silly audit   'jest-watcher': [ '29.7.0' ],
135 silly audit   'jest-worker': [ '29.7.0' ],
135 silly audit   'supports-color': [ '8.1.1', '7.2.0' ],
135 silly audit   'js-tokens': [ '4.0.0' ],
135 silly audit   'js-yaml': [ '3.14.1' ],
135 silly audit   jsesc: [ '3.1.0' ],
135 silly audit   'json-parse-even-better-errors': [ '2.3.1' ],
135 silly audit   json5: [ '2.2.3' ],
135 silly audit   kleur: [ '3.0.3' ],
135 silly audit   leven: [ '3.1.0' ],
135 silly audit   'lines-and-columns': [ '1.2.4' ],
135 silly audit   'locate-path': [ '5.0.0' ],
135 silly audit   'make-dir': [ '4.0.0' ],
135 silly audit   makeerror: [ '1.0.12' ],
135 silly audit   'merge-stream': [ '2.0.0' ],
135 silly audit   micromatch: [ '4.0.8' ],
135 silly audit   'mimic-fn': [ '2.1.0' ],
135 silly audit   minimatch: [ '3.1.2' ],
135 silly audit   ms: [ '2.1.3' ],
135 silly audit   'natural-compare': [ '1.4.0' ],
135 silly audit   'node-int64': [ '0.4.0' ],
135 silly audit   'node-releases': [ '2.0.19' ],
135 silly audit   'normalize-path': [ '3.0.0' ],
135 silly audit   'npm-run-path': [ '4.0.1' ],
135 silly audit   once: [ '1.4.0' ],
135 silly audit   onetime: [ '5.1.2' ],
135 silly audit   'p-limit': [ '3.1.0', '2.3.0' ],
135 silly audit   'p-locate': [ '4.1.0' ],
135 silly audit   'p-try': [ '2.2.0' ],
135 silly audit   'parse-json': [ '5.2.0' ],
135 silly audit   'path-exists': [ '4.0.0' ],
135 silly audit   'path-is-absolute': [ '1.0.1' ],
135 silly audit   'path-key': [ '3.1.1' ],
135 silly audit   'path-parse': [ '1.0.7' ],
135 silly audit   picocolors: [ '1.1.1' ],
135 silly audit   picomatch: [ '2.3.1' ],
135 silly audit   pirates: [ '4.0.7' ],
135 silly audit   'pkg-dir': [ '4.2.0' ],
135 silly audit   'pretty-format': [ '29.7.0' ],
135 silly audit   prompts: [ '2.4.2' ],
135 silly audit   'pure-rand': [ '6.1.0' ],
135 silly audit   'react-is': [ '18.3.1' ],
135 silly audit   'require-directory': [ '2.1.1' ],
135 silly audit   resolve: [ '1.22.10' ],
135 silly audit   'resolve-cwd': [ '3.0.0' ],
135 silly audit   'resolve-from': [ '5.0.0' ],
135 silly audit   'resolve.exports': [ '2.0.3' ],
135 silly audit   'shebang-command': [ '2.0.0' ],
135 silly audit   'shebang-regex': [ '3.0.0' ],
135 silly audit   'signal-exit': [ '3.0.7' ],
135 silly audit   sisteransi: [ '1.0.5' ],
135 silly audit   slash: [ '3.0.0' ],
135 silly audit   'sprintf-js': [ '1.0.3' ],
135 silly audit   'stack-utils': [ '2.0.6' ],
135 silly audit   'string-length': [ '4.0.2' ],
135 silly audit   'string-width': [ '4.2.3' ],
135 silly audit   'strip-ansi': [ '6.0.1' ],
135 silly audit   'strip-bom': [ '4.0.0' ],
135 silly audit   'strip-final-newline': [ '2.0.0' ],
135 silly audit   'strip-json-comments': [ '3.1.1' ],
135 silly audit   'supports-preserve-symlinks-flag': [ '1.0.0' ],
135 silly audit   'test-exclude': [ '6.0.0' ],
135 silly audit   tmpl: [ '1.0.5' ],
135 silly audit   'to-regex-range': [ '5.0.1' ],
135 silly audit   'type-detect': [ '4.0.8' ],
135 silly audit   'type-fest': [ '0.21.3' ],
135 silly audit   'undici-types': [ '6.21.0' ],
135 silly audit   'update-browserslist-db': [ '1.1.3' ],
135 silly audit   'v8-to-istanbul': [ '9.3.0' ],
135 silly audit   walker: [ '1.0.8' ],
135 silly audit   which: [ '2.0.2' ],
135 silly audit   'wrap-ansi': [ '7.0.0' ],
135 silly audit   wrappy: [ '1.0.2' ],
135 silly audit   'write-file-atomic': [ '4.0.2' ],
135 silly audit   y18n: [ '5.0.8' ],
135 silly audit   yallist: [ '3.1.1' ],
135 silly audit   yargs: [ '17.7.2' ],
135 silly audit   'yargs-parser': [ '21.1.1' ],
135 silly audit   'yocto-queue': [ '0.1.0' ],
135 silly audit   'ansi-escapes': [ '7.0.0', '4.3.2' ],
135 silly audit   'ansi-regex': [ '6.0.1', '5.0.1' ],
135 silly audit   argparse: [ '2.0.1', '1.0.10' ],
135 silly audit   'babel-plugin-istanbul': [ '6.0.0', '6.1.1' ],
135 silly audit   'cjs-module-lexer': [ '2.1.0', '1.4.3' ],
135 silly audit   'lru-cache': [ '10.3.0', '5.1.1' ],
135 silly audit   'source-map': [ '0.7.4', '0.6.1' ],
135 silly audit   'source-map-support': [ '0.5.21', '0.5.13' ],
135 silly audit   environment: [ '1.1.0' ]
135 silly audit }
136 verbose reify failed optional dependency /home/runner/work/PsychoNoir-Kontrapunkt/PsychoNoir-Kontrapunkt/node_modules/fsevents
137 silly reify mark deleted [
137 silly reify   '/home/runner/work/PsychoNoir-Kontrapunkt/PsychoNoir-Kontrapunkt/node_modules/fsevents'
137 silly reify ]
138 silly tarball no local data for environment@https://registry.npmjs.org/environment/-/environment-1.1.0.tgz. Extracting by manifest.
139 silly tarball no local data for source-map-support@https://registry.npmjs.org/source-map-support/-/source-map-support-0.5.21.tgz. Extracting by manifest.
140 silly tarball no local data for source-map@https://registry.npmjs.org/source-map/-/source-map-0.7.4.tgz. Extracting by manifest.
141 silly tarball no local data for semver@https://registry.npmjs.org/semver/-/semver-7.6.2.tgz. Extracting by manifest.
142 silly tarball no local data for cjs-module-lexer@https://registry.npmjs.org/cjs-module-lexer/-/cjs-module-lexer-2.1.0.tgz. Extracting by manifest.
143 silly tarball no local data for lru-cache@https://registry.npmjs.org/lru-cache/-/lru-cache-10.3.0.tgz. Extracting by manifest.
144 silly tarball no local data for babel-plugin-istanbul@https://registry.npmjs.org/babel-plugin-istanbul/-/babel-plugin-istanbul-6.0.0.tgz. Extracting by manifest.
145 silly tarball no local data for argparse@https://registry.npmjs.org/argparse/-/argparse-2.0.1.tgz. Extracting by manifest.
146 silly tarball no local data for ansi-styles@https://registry.npmjs.org/ansi-styles/-/ansi-styles-6.2.1.tgz. Extracting by manifest.
147 silly tarball no local data for ansi-regex@https://registry.npmjs.org/ansi-regex/-/ansi-regex-6.0.1.tgz. Extracting by manifest.
148 silly tarball no local data for ansi-escapes@https://registry.npmjs.org/ansi-escapes/-/ansi-escapes-7.0.0.tgz. Extracting by manifest.
149 silly tarball no local data for istanbul-lib-instrument@https://registry.npmjs.org/istanbul-lib-instrument/-/istanbul-lib-instrument-5.2.1.tgz. Extracting by manifest.
150 silly tarball no local data for semver@https://registry.npmjs.org/semver/-/semver-6.3.1.tgz. Extracting by manifest.
151 silly tarball no local data for babel-plugin-istanbul@https://registry.npmjs.org/babel-plugin-istanbul/-/babel-plugin-istanbul-6.1.1.tgz. Extracting by manifest.
152 silly tarball no local data for ansi-escapes@https://registry.npmjs.org/ansi-escapes/-/ansi-escapes-4.3.2.tgz. Extracting by manifest.
153 silly tarball no local data for semver@https://registry.npmjs.org/semver/-/semver-6.3.1.tgz. Extracting by manifest.
154 silly tarball no local data for lru-cache@https://registry.npmjs.org/lru-cache/-/lru-cache-5.1.1.tgz. Extracting by manifest.
155 silly tarball no local data for semver@https://registry.npmjs.org/semver/-/semver-6.3.1.tgz. Extracting by manifest.
156 silly tarball no local data for ansi-styles@https://registry.npmjs.org/ansi-styles/-/ansi-styles-4.3.0.tgz. Extracting by manifest.
157 silly tarball no local data for ansi-regex@https://registry.npmjs.org/ansi-regex/-/ansi-regex-5.0.1.tgz. Extracting by manifest.
158 silly tarball no local data for source-map@https://registry.npmjs.org/source-map/-/source-map-0.6.1.tgz. Extracting by manifest.
159 silly tarball no local data for ansi-escapes@https://registry.npmjs.org/ansi-escapes/-/ansi-escapes-4.3.2.tgz. Extracting by manifest.
160 silly tarball no local data for argparse@https://registry.npmjs.org/argparse/-/argparse-1.0.10.tgz. Extracting by manifest.
161 silly tarball no local data for cjs-module-lexer@https://registry.npmjs.org/cjs-module-lexer/-/cjs-module-lexer-1.4.3.tgz. Extracting by manifest.
162 silly tarball no local data for source-map@https://registry.npmjs.org/source-map/-/source-map-0.6.1.tgz. Extracting by manifest.
163 silly tarball no local data for source-map-support@https://registry.npmjs.org/source-map-support/-/source-map-support-0.5.13.tgz. Extracting by manifest.
164 silly tarball no local data for source-map@https://registry.npmjs.org/source-map/-/source-map-0.6.1.tgz. Extracting by manifest.
165 silly tarball no local data for ansi-styles@https://registry.npmjs.org/ansi-styles/-/ansi-styles-4.3.0.tgz. Extracting by manifest.
166 silly tarball no local data for semver@https://registry.npmjs.org/semver/-/semver-6.3.1.tgz. Extracting by manifest.
167 silly tarball no local data for istanbul-lib-instrument@https://registry.npmjs.org/istanbul-lib-instrument/-/istanbul-lib-instrument-4.0.3.tgz. Extracting by manifest.
168 silly tarball no local data for semver@https://registry.npmjs.org/semver/-/semver-6.3.1.tgz. Extracting by manifest.
169 silly tarball no local data for istanbul-lib-instrument@https://registry.npmjs.org/istanbul-lib-instrument/-/istanbul-lib-instrument-5.2.1.tgz. Extracting by manifest.
170 silly tarball no local data for babel-plugin-istanbul@https://registry.npmjs.org/babel-plugin-istanbul/-/babel-plugin-istanbul-6.1.1.tgz. Extracting by manifest.
171 http fetch POST 200 https://registry.npmjs.org/-/npm/v1/security/advisories/bulk 232ms
172 silly audit report {
172 silly audit report   'brace-expansion': [
172 silly audit report     {
172 silly audit report       id: 1105443,
172 silly audit report       url: 'https://github.com/advisories/GHSA-v6h2-p8h4-qcjw',
172 silly audit report       title: 'brace-expansion Regular Expression Denial of Service vulnerability',
172 silly audit report       severity: 'low',
172 silly audit report       vulnerable_versions: '>=1.0.0 <=1.1.11',
172 silly audit report       cwe: [Array],
172 silly audit report       cvss: [Object]
172 silly audit report     }
172 silly audit report   ]
172 silly audit report }
173 silly packumentCache corgi:https://registry.npmjs.org/brace-expansion cache-miss
174 http fetch GET 200 https://registry.npmjs.org/ansi-styles/-/ansi-styles-6.2.1.tgz 318ms (cache miss)
175 http fetch GET 200 https://registry.npmjs.org/ansi-escapes/-/ansi-escapes-7.0.0.tgz 361ms (cache miss)
176 http fetch GET 200 https://registry.npmjs.org/source-map-support/-/source-map-support-0.5.21.tgz 388ms (cache miss)
177 http fetch GET 200 https://registry.npmjs.org/babel-plugin-istanbul/-/babel-plugin-istanbul-6.1.1.tgz 405ms (cache miss)
178 http fetch GET 200 https://registry.npmjs.org/istanbul-lib-instrument/-/istanbul-lib-instrument-5.2.1.tgz 447ms (cache miss)
179 http fetch GET 200 https://registry.npmjs.org/babel-plugin-istanbul/-/babel-plugin-istanbul-6.0.0.tgz 497ms (cache miss)
180 http fetch GET 200 https://registry.npmjs.org/semver/-/semver-6.3.1.tgz 526ms (cache miss)
181 http fetch GET 200 https://registry.npmjs.org/semver/-/semver-7.6.2.tgz 574ms (cache miss)
182 http fetch GET 200 https://registry.npmjs.org/ansi-regex/-/ansi-regex-6.0.1.tgz 577ms (cache miss)
183 http fetch GET 200 https://registry.npmjs.org/semver/-/semver-6.3.1.tgz 573ms (cache miss)
184 http fetch GET 200 https://registry.npmjs.org/source-map/-/source-map-0.7.4.tgz 608ms (cache miss)
185 http fetch GET 200 https://registry.npmjs.org/lru-cache/-/lru-cache-10.3.0.tgz 625ms (cache miss)
186 http fetch GET 200 https://registry.npmjs.org/environment/-/environment-1.1.0.tgz 668ms (cache miss)
187 http fetch GET 200 https://registry.npmjs.org/lru-cache/-/lru-cache-5.1.1.tgz 674ms (cache miss)
188 http fetch GET 200 https://registry.npmjs.org/ansi-escapes/-/ansi-escapes-4.3.2.tgz 750ms (cache miss)
189 http fetch GET 200 https://registry.npmjs.org/argparse/-/argparse-2.0.1.tgz 758ms (cache miss)
190 http fetch GET 200 https://registry.npmjs.org/cjs-module-lexer/-/cjs-module-lexer-2.1.0.tgz 763ms (cache miss)
191 http fetch GET 200 https://registry.npmjs.org/ansi-escapes/-/ansi-escapes-4.3.2.tgz 877ms (cache miss)
192 http fetch GET 200 https://registry.npmjs.org/cjs-module-lexer/-/cjs-module-lexer-1.4.3.tgz 888ms (cache miss)
193 http fetch GET 200 https://registry.npmjs.org/semver/-/semver-6.3.1.tgz 961ms (cache miss)
194 http fetch GET 200 https://registry.npmjs.org/istanbul-lib-instrument/-/istanbul-lib-instrument-4.0.3.tgz 955ms (cache miss)
195 http fetch GET 200 https://registry.npmjs.org/ansi-styles/-/ansi-styles-4.3.0.tgz 1006ms (cache miss)
196 http fetch GET 200 https://registry.npmjs.org/ansi-styles/-/ansi-styles-4.3.0.tgz 1036ms (cache miss)
197 http fetch GET 200 https://registry.npmjs.org/source-map/-/source-map-0.6.1.tgz 1042ms (cache miss)
198 http fetch GET 200 https://registry.npmjs.org/ansi-regex/-/ansi-regex-5.0.1.tgz 1046ms (cache miss)
199 http fetch GET 200 https://registry.npmjs.org/source-map-support/-/source-map-support-0.5.13.tgz 1122ms (cache miss)
200 http fetch GET 200 https://registry.npmjs.org/semver/-/semver-6.3.1.tgz 1119ms (cache miss)
201 http fetch GET 200 https://registry.npmjs.org/argparse/-/argparse-1.0.10.tgz 1136ms (cache miss)
202 http fetch GET 200 https://registry.npmjs.org/istanbul-lib-instrument/-/istanbul-lib-instrument-5.2.1.tgz 1144ms (cache miss)
203 http fetch GET 200 https://registry.npmjs.org/source-map/-/source-map-0.6.1.tgz 1158ms (cache miss)
204 http fetch GET 200 https://registry.npmjs.org/source-map/-/source-map-0.6.1.tgz 1165ms (cache miss)
205 http fetch GET 200 https://registry.npmjs.org/brace-expansion 976ms (cache miss)
206 silly packumentCache corgi:https://registry.npmjs.org/brace-expansion set size:undefined disposed:false
207 silly packumentCache corgi:https://registry.npmjs.org/minimatch cache-miss
208 http fetch GET 200 https://registry.npmjs.org/semver/-/semver-6.3.1.tgz 1184ms (cache miss)
209 http fetch GET 200 https://registry.npmjs.org/babel-plugin-istanbul/-/babel-plugin-istanbul-6.1.1.tgz 1207ms (cache miss)
210 http fetch GET 200 https://registry.npmjs.org/minimatch 182ms (cache miss)
211 silly packumentCache corgi:https://registry.npmjs.org/minimatch set size:undefined disposed:false
212 silly ADD node_modules/environment
213 silly ADD
214 silly ADD node_modules/@jest/transform/node_modules/semver
215 silly ADD node_modules/@jest/transform/node_modules/istanbul-lib-instrument
216 silly ADD node_modules/@jest/transform/node_modules/babel-plugin-istanbul
217 silly ADD node_modules/@jest/core/node_modules/ansi-escapes
218 silly ADD node_modules/@babel/helper-compilation-targets/node_modules/semver
219 silly ADD node_modules/@babel/helper-compilation-targets/node_modules/lru-cache
220 silly ADD node_modules/@babel/core/node_modules/semver
221 silly ADD node_modules/wrap-ansi/node_modules/ansi-styles
222 silly ADD node_modules/strip-ansi/node_modules/ansi-regex
223 silly CHANGE node_modules/source-map-support
224 silly ADD node_modules/source-map-support/node_modules/source-map
225 silly CHANGE node_modules/source-map
226 silly CHANGE node_modules/semver
227 silly CHANGE node_modules/lru-cache
228 silly ADD node_modules/jest-watcher/node_modules/ansi-escapes
229 silly ADD node_modules/js-yaml/node_modules/argparse
230 silly ADD node_modules/jest-runtime/node_modules/cjs-module-lexer
231 silly ADD node_modules/jest-runner/node_modules/source-map
232 silly ADD node_modules/jest-runner/node_modules/source-map-support
233 silly ADD node_modules/istanbul-lib-source-maps/node_modules/source-map
234 silly CHANGE node_modules/cjs-module-lexer
235 silly ADD node_modules/chalk/node_modules/ansi-styles
236 silly CHANGE node_modules/babel-plugin-istanbul
237 silly ADD node_modules/babel-plugin-istanbul/node_modules/semver
238 silly CHANGE node_modules/babel-plugin-istanbul/node_modules/istanbul-lib-instrument
239 silly ADD node_modules/babel-jest/node_modules/semver
240 silly ADD node_modules/babel-jest/node_modules/istanbul-lib-instrument
241 silly ADD node_modules/babel-jest/node_modules/babel-plugin-istanbul
242 silly CHANGE node_modules/argparse
243 silly CHANGE node_modules/ansi-styles
244 silly CHANGE node_modules/ansi-regex
245 silly CHANGE node_modules/ansi-escapes
246 verbose cwd /home/runner/work/PsychoNoir-Kontrapunkt/PsychoNoir-Kontrapunkt
247 verbose os Linux 6.11.0-1018-azure
248 verbose node v20.19.4
249 verbose npm  v10.8.2
250 verbose exit 0
251 info ok
